Flow report for de1_soc_mnist_jtag_top
Mon Mar 16 02:41:55 2026
Quartus Prime Version 25.1std.0 Build 1129 10/21/2025 SC Lite Edition


---------------------
; Table of Contents ;
---------------------
  1. Legal Notice
  2. Flow Summary
  3. Flow Settings
  4. Flow Non-Default Global Settings
  5. Flow Elapsed Time
  6. Flow OS Summary
  7. Flow Log
  8. Flow Messages
  9. Flow Suppressed Messages



----------------
; Legal Notice ;
----------------
Copyright (C) 2025  Altera Corporation. All rights reserved.
Your use of Altera Corporation's design tools, logic functions 
and other software and tools, and any partner logic 
functions, and any output files from any of the foregoing 
(including device programming or simulation files), and any 
associated documentation or information are expressly subject 
to the terms and conditions of the Altera Program License 
Subscription Agreement, the Altera Quartus Prime License Agreement,
the Altera IP License Agreement, or other applicable license
agreement, including, without limitation, that your use is for
the sole purpose of programming logic devices manufactured by
Altera and sold by Altera or its authorized distributors.  Please
refer to the Altera Software License Subscription Agreements 
on the Quartus Prime software download page.



+-----------------------------------------------------------------------------------+
; Flow Summary                                                                      ;
+---------------------------------+-------------------------------------------------+
; Flow Status                     ; Successful - Mon Mar 16 02:41:55 2026           ;
; Quartus Prime Version           ; 25.1std.0 Build 1129 10/21/2025 SC Lite Edition ;
; Revision Name                   ; de1_soc_mnist_jtag_top                          ;
; Top-level Entity Name           ; de1_soc_mnist_jtag_top                          ;
; Family                          ; Cyclone V                                       ;
; Device                          ; 5CSEMA5F31C6                                    ;
; Timing Models                   ; Final                                           ;
; Logic utilization (in ALMs)     ; 7,003 / 32,070 ( 22 % )                         ;
; Total registers                 ; 5424                                            ;
; Total pins                      ; 57 / 457 ( 12 % )                               ;
; Total virtual pins              ; 0                                               ;
; Total block memory bits         ; 813,568 / 4,065,280 ( 20 % )                    ;
; Total DSP Blocks                ; 7 / 87 ( 8 % )                                  ;
; Total HSSI RX PCSs              ; 0                                               ;
; Total HSSI PMA RX Deserializers ; 0                                               ;
; Total HSSI TX PCSs              ; 0                                               ;
; Total HSSI PMA TX Serializers   ; 0                                               ;
; Total PLLs                      ; 0 / 6 ( 0 % )                                   ;
; Total DLLs                      ; 0 / 4 ( 0 % )                                   ;
+---------------------------------+-------------------------------------------------+


+--------------------------------------------+
; Flow Settings                              ;
+-------------------+------------------------+
; Option            ; Setting                ;
+-------------------+------------------------+
; Start date & time ; 03/16/2026 02:23:53    ;
; Main task         ; Compilation            ;
; Revision Name     ; de1_soc_mnist_jtag_top ;
+-------------------+------------------------+


+--------------------------------------------------------------------------------------------------------------------------------------------------+
; Flow Non-Default Global Settings                                                                                                                 ;
+--------------------------+----------------------------------------------------------------------+---------------+-------------------+------------+
; Assignment Name          ; Value                                                                ; Default Value ; Entity Name       ; Section Id ;
+--------------------------+----------------------------------------------------------------------+---------------+-------------------+------------+
; COMPILER_SIGNATURE_ID    ; 159167735284051.177364223310940                                      ; --            ; --                ; --         ;
; MISC_FILE                ; jtag_ip/mnist_jtag_bridge/synthesis/../mnist_jtag_bridge.cmp         ; --            ; --                ; --         ;
; MISC_FILE                ; jtag_ip/mnist_jtag_bridge/synthesis/../../mnist_jtag_bridge.qsys     ; --            ; --                ; --         ;
; PROJECT_OUTPUT_DIRECTORY ; output_files_jtag                                                    ; --            ; --                ; --         ;
; SEARCH_PATH              ; model                                                                ; --            ; --                ; --         ;
; SLD_FILE                 ; jtag_ip/mnist_jtag_bridge/synthesis/mnist_jtag_bridge.debuginfo      ; --            ; --                ; --         ;
; SLD_INFO                 ; QSYS_NAME mnist_jtag_bridge HAS_SOPCINFO 1 GENERATION_ID 1773642214  ; --            ; mnist_jtag_bridge ; --         ;
; SOPCINFO_FILE            ; jtag_ip/mnist_jtag_bridge/synthesis/../../mnist_jtag_bridge.sopcinfo ; --            ; --                ; --         ;
; SYNTHESIS_ONLY_QIP       ; On                                                                   ; --            ; --                ; --         ;
+--------------------------+----------------------------------------------------------------------+---------------+-------------------+------------+


+--------------------------------------------------------------------------------------------------------------------------+
; Flow Elapsed Time                                                                                                        ;
+----------------------+--------------+-------------------------+---------------------+------------------------------------+
; Module Name          ; Elapsed Time ; Average Processors Used ; Peak Virtual Memory ; Total CPU Time (on all processors) ;
+----------------------+--------------+-------------------------+---------------------+------------------------------------+
; Analysis & Synthesis ; 00:01:34     ; 1.6                     ; 5224 MB             ; 00:02:50                           ;
; Partition Merge      ; 00:00:02     ; 1.0                     ; 4832 MB             ; 00:00:01                           ;
; Fitter               ; 00:16:10     ; 1.1                     ; 7921 MB             ; 02:01:10                           ;
; Assembler            ; 00:00:13     ; 1.0                     ; 5348 MB             ; 00:00:08                           ;
; Total                ; 00:17:59     ; --                      ; --                  ; 02:04:09                           ;
+----------------------+--------------+-------------------------+---------------------+------------------------------------+


+------------------------------------------------------------------------------------+
; Flow OS Summary                                                                    ;
+----------------------+------------------+------------+------------+----------------+
; Module Name          ; Machine Hostname ; OS Name    ; OS Version ; Processor type ;
+----------------------+------------------+------------+------------+----------------+
; Analysis & Synthesis ; SuryaM16         ; Windows 10 ; 10.0       ; x86_64         ;
; Partition Merge      ; SuryaM16         ; Windows 10 ; 10.0       ; x86_64         ;
; Fitter               ; SuryaM16         ; Windows 10 ; 10.0       ; x86_64         ;
; Assembler            ; SuryaM16         ; Windows 10 ; 10.0       ; x86_64         ;
+----------------------+------------------+------------+------------+----------------+


------------
; Flow Log ;
------------
quartus_map --read_settings_files=on --write_settings_files=off de1_soc_mnist_jtag_top -c de1_soc_mnist_jtag_top
quartus_cdb de1_soc_mnist_jtag_top -c de1_soc_mnist_jtag_top --merge=on
quartus_fit --read_settings_files=off --write_settings_files=off de1_soc_mnist_jtag_top -c de1_soc_mnist_jtag_top
quartus_asm --read_settings_files=off --write_settings_files=off de1_soc_mnist_jtag_top -c de1_soc_mnist_jtag_top



